{"name": "Verify 'Skip to content' link is present and correct", "status": "broken", "statusDetails": {"message": "selenium.common.exceptions.TimeoutException: Message: timeout: Timed out receiving message from renderer: 29.937\n  (Session info: chrome=142.0.7444.175)\nStacktrace:\n#0 0x60a4cbadf4ca <unknown>\n#1 0x60a4cb52de4b <unknown>\n#2 0x60a4cb515e14 <unknown>\n#3 0x60a4cb515af7 <unknown>\n#4 0x60a4cb5138ff <unknown>\n#5 0x60a4cb51427f <unknown>\n#6 0x60a4cb522cb3 <unknown>\n#7 0x60a4cb53c5f1 <unknown>\n#8 0x60a4cb542dfb <unknown>\n#9 0x60a4cb5149bd <unknown>\n#10 0x60a4cb53c399 <unknown>\n#11 0x60a4cb5cd169 <unknown>\n#12 0x60a4cb572c2a <unknown>\n#13 0x60a4cb573931 <unknown>\n#14 0x60a4cbaa5cf9 <unknown>\n#15 0x60a4cbaa8cdc <unknown>\n#16 0x60a4cba8ef79 <unknown>\n#17 0x60a4cbaa98b5 <unknown>\n#18 0x60a4cba769c3 <unknown>\n#19 0x60a4cbacc228 <unknown>\n#20 0x60a4cbacc403 <unknown>\n#21 0x60a4cbade463 <unknown>\n#22 0x7d81cefe6aa4 <unknown>\n#23 0x7d81cf073c6c <unknown>", "trace": "generated_test_attempt_1.py:48: in test_skip_to_content_link\n    driver.get(BASE_URL)\n.venv/lib/python3.12/site-packages/selenium/webdriver/remote/webdriver.py:452: in get\n    self.execute(Command.GET, {\"url\": url})\n.venv/lib/python3.12/site-packages/selenium/webdriver/remote/webdriver.py:432: in execute\n    self.error_handler.check_response(response)\n.venv/lib/python3.12/site-packages/selenium/webdriver/remote/errorhandler.py:232: in check_response\n    raise exception_class(message, screen, stacktrace)\nE   selenium.common.exceptions.TimeoutException: Message: timeout: Timed out receiving message from renderer: 29.937\nE     (Session info: chrome=142.0.7444.175)\nE   Stacktrace:\nE   #0 0x60a4cbadf4ca <unknown>\nE   #1 0x60a4cb52de4b <unknown>\nE   #2 0x60a4cb515e14 <unknown>\nE   #3 0x60a4cb515af7 <unknown>\nE   #4 0x60a4cb5138ff <unknown>\nE   #5 0x60a4cb51427f <unknown>\nE   #6 0x60a4cb522cb3 <unknown>\nE   #7 0x60a4cb53c5f1 <unknown>\nE   #8 0x60a4cb542dfb <unknown>\nE   #9 0x60a4cb5149bd <unknown>\nE   #10 0x60a4cb53c399 <unknown>\nE   #11 0x60a4cb5cd169 <unknown>\nE   #12 0x60a4cb572c2a <unknown>\nE   #13 0x60a4cb573931 <unknown>\nE   #14 0x60a4cbaa5cf9 <unknown>\nE   #15 0x60a4cbaa8cdc <unknown>\nE   #16 0x60a4cba8ef79 <unknown>\nE   #17 0x60a4cbaa98b5 <unknown>\nE   #18 0x60a4cba769c3 <unknown>\nE   #19 0x60a4cbacc228 <unknown>\nE   #20 0x60a4cbacc403 <unknown>\nE   #21 0x60a4cbade463 <unknown>\nE   #22 0x7d81cefe6aa4 <unknown>\nE   #23 0x7d81cf073c6c <unknown>"}, "steps": [{"name": "Navigate to https://www.python.org", "status": "broken", "statusDetails": {"message": "selenium.common.exceptions.TimeoutException: Message: timeout: Timed out receiving message from renderer: 29.937\n  (Session info: chrome=142.0.7444.175)\nStacktrace:\n#0 0x60a4cbadf4ca <unknown>\n#1 0x60a4cb52de4b <unknown>\n#2 0x60a4cb515e14 <unknown>\n#3 0x60a4cb515af7 <unknown>\n#4 0x60a4cb5138ff <unknown>\n#5 0x60a4cb51427f <unknown>\n#6 0x60a4cb522cb3 <unknown>\n#7 0x60a4cb53c5f1 <unknown>\n#8 0x60a4cb542dfb <unknown>\n#9 0x60a4cb5149bd <unknown>\n#10 0x60a4cb53c399 <unknown>\n#11 0x60a4cb5cd169 <unknown>\n#12 0x60a4cb572c2a <unknown>\n#13 0x60a4cb573931 <unknown>\n#14 0x60a4cbaa5cf9 <unknown>\n#15 0x60a4cbaa8cdc <unknown>\n#16 0x60a4cba8ef79 <unknown>\n#17 0x60a4cbaa98b5 <unknown>\n#18 0x60a4cba769c3 <unknown>\n#19 0x60a4cbacc228 <unknown>\n#20 0x60a4cbacc403 <unknown>\n#21 0x60a4cbade463 <unknown>\n#22 0x7d81cefe6aa4 <unknown>\n#23 0x7d81cf073c6c <unknown>\n\n", "trace": "  File \"/home/akira/Projects/AIdevtools/generated_test_attempt_1.py\", line 48, in test_skip_to_content_link\n    driver.get(BASE_URL)\n  File \"/home/akira/Projects/AIdevtools/.venv/lib/python3.12/site-packages/selenium/webdriver/remote/webdriver.py\", line 452, in get\n    self.execute(Command.GET, {\"url\": url})\n  File \"/home/akira/Projects/AIdevtools/.venv/lib/python3.12/site-packages/selenium/webdriver/remote/webdriver.py\", line 432, in execute\n    self.error_handler.check_response(response)\n  File \"/home/akira/Projects/AIdevtools/.venv/lib/python3.12/site-packages/selenium/webdriver/remote/errorhandler.py\", line 232, in check_response\n    raise exception_class(message, screen, stacktrace)\n"}, "start": 1765495018599, "stop": 1765495048683}], "start": 1765495018599, "stop": 1765495048685, "uuid": "53380a18-e023-4454-9700-b1d437f4f4fd", "historyId": "b2fb671812b091a70688088d623a8deb", "testCaseId": "b2fb671812b091a70688088d623a8deb", "fullName": "generated_test_attempt_1.TestUI#test_skip_to_content_link", "labels": [{"name": "severity", "value": "normal"}, {"name": "tag", "value": "ui"}, {"name": "story", "value": "User Workflows"}, {"name": "tag", "value": "generated_by_ai"}, {"name": "feature", "value": "UI Testing"}, {"name": "tag", "value": "e2e"}, {"name": "suite", "value": "generated_test_attempt_1"}, {"name": "subSuite", "value": "TestUI"}, {"name": "host", "value": "akira-IdeaPad-Slim-3-15ABR8-1"}, {"name": "thread", "value": "69924-MainThread"}, {"name": "framework", "value": "pytest"}, {"name": "language", "value": "cpython3"}, {"name": "package", "value": "generated_test_attempt_1"}]}