{"name": "Home page specific content validation", "status": "broken", "statusDetails": {"message": "selenium.common.exceptions.SessionNotCreatedException: Message: session not created: DevToolsActivePort file doesn't exist; For documentation on this error, please visit: https://www.selenium.dev/documentation/webdriver/troubleshooting/errors#sessionnotcreatedexception\nStacktrace:\n#0 0x60d8789604ca <unknown>\n#1 0x60d8783aee4b <unknown>\n#2 0x60d8783eec05 <unknown>\n#3 0x60d8783eadaa <unknown>\n#4 0x60d8783e5375 <unknown>\n#5 0x60d878435fe6 <unknown>\n#6 0x60d878435706 <unknown>\n#7 0x60d8783f3c2a <unknown>\n#8 0x60d8783f4931 <unknown>\n#9 0x60d878926cf9 <unknown>\n#10 0x60d878929cdc <unknown>\n#11 0x60d87890ff79 <unknown>\n#12 0x60d87892a8b5 <unknown>\n#13 0x60d8788f79c3 <unknown>\n#14 0x60d87894d228 <unknown>\n#15 0x60d87894d403 <unknown>\n#16 0x60d87895f463 <unknown>\n#17 0x7b3326162aa4 <unknown>\n#18 0x7b33261efc6c <unknown>", "trace": "generated_python_org_test_fixed.py:37: in driver\n    driver = webdriver.Chrome(options=options)\n.venv/lib/python3.12/site-packages/selenium/webdriver/chrome/webdriver.py:46: in __init__\n    super().__init__(\n.venv/lib/python3.12/site-packages/selenium/webdriver/chromium/webdriver.py:67: in __init__\n    super().__init__(command_executor=executor, options=options)\n.venv/lib/python3.12/site-packages/selenium/webdriver/remote/webdriver.py:257: in __init__\n    self.start_session(capabilities)\n.venv/lib/python3.12/site-packages/selenium/webdriver/remote/webdriver.py:352: in start_session\n    response = self.execute(Command.NEW_SESSION, caps)[\"value\"]\n.venv/lib/python3.12/site-packages/selenium/webdriver/remote/webdriver.py:432: in execute\n    self.error_handler.check_response(response)\n.venv/lib/python3.12/site-packages/selenium/webdriver/remote/errorhandler.py:232: in check_response\n    raise exception_class(message, screen, stacktrace)\nE   selenium.common.exceptions.SessionNotCreatedException: Message: session not created: DevToolsActivePort file doesn't exist; For documentation on this error, please visit: https://www.selenium.dev/documentation/webdriver/troubleshooting/errors#sessionnotcreatedexception\nE   Stacktrace:\nE   #0 0x60d8789604ca <unknown>\nE   #1 0x60d8783aee4b <unknown>\nE   #2 0x60d8783eec05 <unknown>\nE   #3 0x60d8783eadaa <unknown>\nE   #4 0x60d8783e5375 <unknown>\nE   #5 0x60d878435fe6 <unknown>\nE   #6 0x60d878435706 <unknown>\nE   #7 0x60d8783f3c2a <unknown>\nE   #8 0x60d8783f4931 <unknown>\nE   #9 0x60d878926cf9 <unknown>\nE   #10 0x60d878929cdc <unknown>\nE   #11 0x60d87890ff79 <unknown>\nE   #12 0x60d87892a8b5 <unknown>\nE   #13 0x60d8788f79c3 <unknown>\nE   #14 0x60d87894d228 <unknown>\nE   #15 0x60d87894d403 <unknown>\nE   #16 0x60d87895f463 <unknown>\nE   #17 0x7b3326162aa4 <unknown>\nE   #18 0x7b33261efc6c <unknown>"}, "start": 1765494742558, "stop": 1765494742558, "uuid": "7f4453ba-6a90-4ddd-85bf-674ec4317076", "historyId": "f05d7dfa9605c401ba0980eb3af76338", "testCaseId": "f05d7dfa9605c401ba0980eb3af76338", "fullName": "generated_python_org_test_fixed#test_home_page_specific_content", "labels": [{"name": "tag", "value": "e2e"}, {"name": "tag", "value": "ui"}, {"name": "tag", "value": "generated_by_ai"}, {"name": "feature", "value": "UI Testing"}, {"name": "severity", "value": "normal"}, {"name": "story", "value": "User Workflows"}, {"name": "suite", "value": "generated_python_org_test_fixed"}, {"name": "host", "value": "akira-IdeaPad-Slim-3-15ABR8-1"}, {"name": "thread", "value": "65129-MainThread"}, {"name": "framework", "value": "pytest"}, {"name": "language", "value": "cpython3"}, {"name": "package", "value": "generated_python_org_test_fixed"}]}